<?xml version="1.0" encoding="UTF-8"?>
<testng-results skipped="0" failed="0" ignored="0" total="1" passed="1">
  <reporter-output>
  </reporter-output>
  <suite name="Default suite" duration-ms="28422" started-at="2020-05-02T21:59:49 IST" finished-at="2020-05-02T22:00:18 IST">
    <groups>
    </groups>
    <test name="Default test" duration-ms="28422" started-at="2020-05-02T21:59:49 IST" finished-at="2020-05-02T22:00:18 IST">
      <class name="miniProject.TestFlight">
        <test-method status="PASS" signature="FlightSearch()[pri:0, instance:miniProject.TestFlight@5e853265]" name="FlightSearch" duration-ms="28375" started-at="2020-05-02T21:59:49 IST" finished-at="2020-05-02T22:00:18 IST">
          <reporter-output>
          </reporter-output>
        </test-method> <!-- FlightSearch -->
      </class> <!-- miniProject.TestFlight -->
    </test> <!-- Default test -->
  </suite> <!-- Default suite -->
</testng-results>
